<?xml version="1.0" encoding="UTF-8"?>
<testng-results skipped="0" failed="0" ignored="0" total="2" passed="2">
  <reporter-output>
  </reporter-output>
  <suite name="Suite" duration-ms="71705" started-at="2019-08-13T06:25:33Z" finished-at="2019-08-13T06:26:45Z">
    <groups>
    </groups>
    <test name="Test" duration-ms="71705" started-at="2019-08-13T06:25:33Z" finished-at="2019-08-13T06:26:45Z">
      <class name="word.press.WordPressProject.WordPressFramework">
        <test-method status="PASS" signature="Setup()[pri:0, instance:word.press.WordPressProject.WordPressFramework@5622fdf]" name="Setup" is-config="true" duration-ms="27336" started-at="2019-08-13T11:55:33Z" finished-at="2019-08-13T11:56:00Z">
          <reporter-output>
          </reporter-output>
        </test-method> <!-- Setup -->
        <test-method status="PASS" signature="Login()[pri:0, instance:word.press.WordPressProject.WordPressFramework@5622fdf]" name="Login" duration-ms="12752" started-at="2019-08-13T11:56:00Z" finished-at="2019-08-13T11:56:13Z">
          <reporter-output>
          </reporter-output>
        </test-method> <!-- Login -->
        <test-method status="PASS" signature="dashboard()[pri:0, instance:word.press.WordPressProject.WordPressFramework@5622fdf]" name="dashboard" duration-ms="29420" started-at="2019-08-13T11:56:13Z" finished-at="2019-08-13T11:56:42Z">
          <reporter-output>
          </reporter-output>
        </test-method> <!-- dashboard -->
        <test-method status="PASS" signature="teardown()[pri:0, instance:word.press.WordPressProject.WordPressFramework@5622fdf]" name="teardown" is-config="true" duration-ms="2112" started-at="2019-08-13T11:56:42Z" finished-at="2019-08-13T11:56:45Z">
          <reporter-output>
          </reporter-output>
        </test-method> <!-- teardown -->
      </class> <!-- word.press.WordPressProject.WordPressFramework -->
    </test> <!-- Test -->
  </suite> <!-- Suite -->
</testng-results>
